
2025-10-23 13:17:20,914 - console - INFO - Connected to Binance Futures Testnet
2025-10-23 13:17:21,081 - console - INFO - Time synchronized. Offset: 1993ms
2025-10-23 13:17:21,377 - console - INFO - [OK] API connection validated successfully
2025-10-23 13:17:21,377 - console - INFO - [OK] Account permissions verified
2025-10-23 13:17:21,377 - console - INFO - [OK] Total wallet balance: 9998.28 USDT
2025-10-23 13:17:21,464 - console - INFO - REQUEST - GET_ACCOUNT: {}
2025-10-23 13:17:21,654 - console - INFO - [OK] Total wallet balance: 9998.28 USDT
2025-10-23 13:17:22,227 - console - INFO - Loaded 546 trading symbols
2025-10-23 13:17:22,602 - console - INFO - Active positions: 0
2025-10-23 13:17:27,982 - console - INFO - 1000LUNCUSDT current price: 0.04422
2025-10-23 13:17:36,132 - console - INFO - REQUEST - MARKET_ORDER: {
  "symbol": "BTCUSDT",
  "side": "BUY",
  "type": "MARKET",
  "quantity": 0.001
}
2025-10-23 13:17:36,304 - console - INFO - [OK] Market BUY order placed: BTCUSDT @ 0.001
2025-10-23 13:17:37,768 - console - INFO - REQUEST - GET_ACCOUNT: {}
2025-10-23 13:17:37,970 - console - INFO - [OK] Total wallet balance: 9998.24 USDT
2025-10-23 13:17:38,170 - console - INFO - Open orders: 0
2025-10-23 13:17:38,360 - console - INFO - Active positions: 1
2025-10-23 13:18:00,023 - console - INFO - REQUEST - MARKET_ORDER: {
  "symbol": "BTCUSDT",
  "side": "SELL",
  "type": "MARKET",
  "quantity": 0.001
}
2025-10-23 13:18:00,239 - console - INFO - [OK] Market SELL order placed: BTCUSDT @ 0.001
2025-10-23 13:18:01,483 - console - INFO - REQUEST - GET_ACCOUNT: {}
2025-10-23 13:18:01,662 - console - INFO - [OK] Total wallet balance: 9998.19 USDT
2025-10-23 13:18:01,854 - console - INFO - Active positions: 0
